{"level":"error","message":"Error: 500 ---  message: jwt expired"}
{"level":"error","message":"Error: 500 ---  message: Cannot read properties of null (reading 'id')"}
{"level":"error","message":"Error: 500 ---  message: jwt expired"}
{"level":"error","message":"Error: 500 ---  message: Cannot read properties of null (reading 'id')"}
{"level":"error","message":"Error: 500 ---  message: jwt expired"}
{"level":"error","message":"Error: 500 ---  message: Cannot read properties of null (reading 'id')"}
{"level":"error","message":"Error: 500 ---  message: jwt expired"}
{"level":"error","message":"Error: 500 ---  message: jwt expired"}
{"level":"error","message":"Error: 500 ---  message: jwt expired"}
{"level":"error","message":"Error: 500 ---  message: jwt expired"}
{"level":"error","message":"Error: 500 ---  message: jwt expired"}
{"date":"Thu Jul 06 2023 11:55:59 GMT+0200 (Eastern European Standard Time)","error":{},"exception":true,"level":"error","message":"uncaughtException: Cannot access 'app' before initialization\nReferenceError: Cannot access 'app' before initialization\n    at Object.<anonymous> (D:\\youssef stuff\\Web Projects\\graduation\\eshop\\Eshop-tutorial-master\\backend\\app.js:13:1)\n    at Module._compile (node:internal/modules/cjs/loader:1254:14)\n    at Module._extensions..js (node:internal/modules/cjs/loader:1308:10)\n    at Module.load (node:internal/modules/cjs/loader:1117:32)\n    at Module._load (node:internal/modules/cjs/loader:958:12)\n    at Module.require (node:internal/modules/cjs/loader:1141:19)\n    at require (node:internal/modules/cjs/helpers:110:18)\n    at Object.<anonymous> (D:\\youssef stuff\\Web Projects\\graduation\\eshop\\Eshop-tutorial-master\\backend\\server.js:1:13)\n    at Module._compile (node:internal/modules/cjs/loader:1254:14)\n    at Module._extensions..js (node:internal/modules/cjs/loader:1308:10)","os":{"loadavg":[0,0,0],"uptime":1805880.656},"process":{"argv":["C:\\Program Files\\nodejs\\node.exe","D:\\youssef stuff\\Web Projects\\graduation\\eshop\\Eshop-tutorial-master\\backend\\server.js"],"cwd":"D:\\youssef stuff\\Web Projects\\graduation\\eshop\\Eshop-tutorial-master\\backend","execPath":"C:\\Program Files\\nodejs\\node.exe","gid":null,"memoryUsage":{"arrayBuffers":127422066,"external":128365953,"heapTotal":58900480,"heapUsed":30539928,"rss":198324224},"pid":5392,"uid":null,"version":"v18.16.0"},"stack":"ReferenceError: Cannot access 'app' before initialization\n    at Object.<anonymous> (D:\\youssef stuff\\Web Projects\\graduation\\eshop\\Eshop-tutorial-master\\backend\\app.js:13:1)\n    at Module._compile (node:internal/modules/cjs/loader:1254:14)\n    at Module._extensions..js (node:internal/modules/cjs/loader:1308:10)\n    at Module.load (node:internal/modules/cjs/loader:1117:32)\n    at Module._load (node:internal/modules/cjs/loader:958:12)\n    at Module.require (node:internal/modules/cjs/loader:1141:19)\n    at require (node:internal/modules/cjs/helpers:110:18)\n    at Object.<anonymous> (D:\\youssef stuff\\Web Projects\\graduation\\eshop\\Eshop-tutorial-master\\backend\\server.js:1:13)\n    at Module._compile (node:internal/modules/cjs/loader:1254:14)\n    at Module._extensions..js (node:internal/modules/cjs/loader:1308:10)","trace":[{"column":1,"file":"D:\\youssef stuff\\Web Projects\\graduation\\eshop\\Eshop-tutorial-master\\backend\\app.js","function":null,"line":13,"method":null,"native":false},{"column":14,"file":"node:internal/modules/cjs/loader","function":"Module._compile","line":1254,"method":"_compile","native":false},{"column":10,"file":"node:internal/modules/cjs/loader","function":"Module._extensions..js","line":1308,"method":".js","native":false},{"column":32,"file":"node:internal/modules/cjs/loader","function":"Module.load","line":1117,"method":"load","native":false},{"column":12,"file":"node:internal/modules/cjs/loader","function":"Module._load","line":958,"method":"_load","native":false},{"column":19,"file":"node:internal/modules/cjs/loader","function":"Module.require","line":1141,"method":"require","native":false},{"column":18,"file":"node:internal/modules/cjs/helpers","function":"require","line":110,"method":null,"native":false},{"column":13,"file":"D:\\youssef stuff\\Web Projects\\graduation\\eshop\\Eshop-tutorial-master\\backend\\server.js","function":null,"line":1,"method":null,"native":false},{"column":14,"file":"node:internal/modules/cjs/loader","function":"Module._compile","line":1254,"method":"_compile","native":false},{"column":10,"file":"node:internal/modules/cjs/loader","function":"Module._extensions..js","line":1308,"method":".js","native":false}]}
{"level":"error","message":"Error: 500 ---  message: jwt expired"}
{"level":"error","message":"Error: 500 ---  message: jwt expired"}
{"level":"error","message":"Error: 401 ---  message: Please login to continue"}
{"level":"error","message":"Error: 401 ---  message: Please login to continue"}
{"level":"error","message":"Error: 401 ---  message: Please login to continue"}
{"level":"error","message":"Error: 401 ---  message: Please login to continue"}
{"level":"error","message":"Error: 400 ---  message: User already exists"}
{"level":"error","message":"Error: 401 ---  message: Please login to continue"}
{"level":"error","message":"Error: 401 ---  message: Please login to continue"}
{"level":"error","message":"Error: 400 ---  message: User already exists"}
{"level":"error","message":"Error: 500 ---  message: jwt expired"}
{"level":"error","message":"Error: 401 ---  message: Please login to continue"}
{"level":"error","message":"Error: 500 ---  message: jwt expired"}
{"level":"error","message":"Error: 401 ---  message: Please login to continue"}
{"level":"error","message":"Error: 500 ---  message: jwt expired"}
{"level":"error","message":"Error: 500 ---  message: jwt expired"}
{"level":"error","message":"Error: 500 ---  message: jwt expired"}
{"level":"error","message":"Error: 500 ---  message: jwt expired"}
{"level":"error","message":"Error: 401 ---  message: Please login to continue"}
{"level":"error","message":"Error: 401 ---  message: Please login to continue"}
{"level":"error","message":"Error: 500 ---  message: jwt expired"}
{"level":"error","message":"Error: 500 ---  message: jwt expired"}
{"level":"error","message":"Error: 500 ---  message: jwt expired"}
{"level":"error","message":"Error: 401 ---  message: Please login to continue"}
{"level":"error","message":"Error: 401 ---  message: Please login to continue"}
{"level":"error","message":"Error: 500 ---  message: jwt expired"}
{"level":"error","message":"Error: 500 ---  message: jwt expired"}
{"level":"error","message":"Error: 401 ---  message: Please login to continue"}
{"level":"error","message":"Error: 401 ---  message: Please login to continue"}
{"level":"error","message":"Error: 500 ---  message: jwt expired"}
{"level":"error","message":"Error: 500 ---  message: jwt expired"}
{"level":"error","message":"Error: 500 ---  message: jwt expired"}
{"level":"error","message":"Error: 401 ---  message: Please login to continue"}
{"level":"error","message":"Error: 401 ---  message: Please login to continue"}
{"level":"error","message":"Error: 401 ---  message: Please login to continue"}
{"level":"error","message":"Error: 401 ---  message: Please login to continue"}
{"level":"error","message":"Error: 401 ---  message: Please login to continue"}
{"level":"error","message":"Error: 401 ---  message: Please login to continue"}
{"level":"error","message":"Error: 401 ---  message: Please login to continue"}
{"level":"error","message":"Error: 401 ---  message: Please login to continue"}
{"level":"error","message":"Error: 401 ---  message: Please login to continue"}
{"level":"error","message":"Error: 401 ---  message: Please login to continue"}
{"level":"error","message":"Error: 401 ---  message: Please login to continue"}
{"level":"error","message":"Error: 401 ---  message: Please login to continue"}
{"level":"error","message":"Error: 401 ---  message: Please login to continue"}
{"level":"error","message":"Error: 500 ---  message: Shop validation failed: password: Password should be greater than 6 characters"}
{"level":"error","message":"Error: 401 ---  message: Please login to continue"}
{"level":"error","message":"Error: 500 ---  message: Shop validation failed: password: Password should be greater than 6 characters"}
{"level":"error","message":"Error: 500 ---  message: Shop validation failed: password: Password should be greater than 6 characters"}
{"level":"error","message":"Error: 500 ---  message: Shop validation failed: password: Password should be greater than 6 characters"}
{"level":"error","message":"Error: 500 ---  message: Shop validation failed: password: Password should be greater than 6 characters"}
{"level":"error","message":"Error: 500 ---  message: Shop validation failed: password: Password should be greater than 6 characters"}
{"level":"error","message":"Error: 500 ---  message: Shop validation failed: password: Password should be greater than 6 characters"}
{"level":"error","message":"Error: 401 ---  message: Please login to continue"}
{"level":"error","message":"Error: 500 ---  message: Shop validation failed: password: Password should be greater than 6 characters"}
{"level":"error","message":"Error: 500 ---  message: Shop validation failed: password: Password should be greater than 6 characters"}
{"level":"error","message":"Error: 500 ---  message: Shop validation failed: password: Password should be greater than 6 characters"}
{"level":"error","message":"Error: 500 ---  message: Shop validation failed: password: Password should be greater than 6 characters"}
{"level":"error","message":"Error: 500 ---  message: Shop validation failed: password: Password should be greater than 6 characters"}
{"level":"error","message":"Error: 500 ---  message: jwt expired"}
{"level":"error","message":"Error: 401 ---  message: Please login to continue"}
{"level":"error","message":"Error: 401 ---  message: Please login to continue"}
{"level":"error","message":"Error: 401 ---  message: Please login to continue"}
{"level":"error","message":"Error: 400 ---  message: User doesn't exists!"}
{"level":"error","message":"Error: 401 ---  message: Please login to continue"}
{"level":"error","message":"Error: 401 ---  message: Please login to continue"}
{"level":"error","message":"Error: 500 ---  message: Shop validation failed: password: Password should be greater than 6 characters"}
{"level":"error","message":"Error: 500 ---  message: Shop validation failed: password: Password should be greater than 6 characters"}
{"level":"error","message":"Error: 500 ---  message: Shop validation failed: password: Password should be greater than 6 characters"}
{"level":"error","message":"Error: 400 ---  message: Cannot read properties of undefined (reading 'filename')"}
{"level":"error","message":"Error: 401 ---  message: Please login to continue"}
{"level":"error","message":"Error: 500 ---  message: Shop validation failed: phoneNumber: Cast to Number failed for value \"undefined\" (type string) at path \"phoneNumber\", zipCode: Cast to Number failed for value \"undefined\" (type string) at path \"zipCode\", password: Password should be greater than 6 characters"}
{"level":"error","message":"Error: 401 ---  message: Please login to continue"}
{"level":"error","message":"Error: 500 ---  message: Shop validation failed: phoneNumber: Cast to Number failed for value \"undefined\" (type string) at path \"phoneNumber\", zipCode: Cast to Number failed for value \"undefined\" (type string) at path \"zipCode\", password: Password should be greater than 6 characters"}{"level":"error","message":"Error: 400 ---  message: Cannot read properties of undefined (reading 'filename')"}
{"level":"error","message":"Error: 401 ---  message: Please login to continue"}
{"level":"error","message":"Error: 500 ---  message: Shop validation failed: phoneNumber: Cast to Number failed for value \"undefined\" (type string) at path \"phoneNumber\", zipCode: Cast to Number failed for value \"undefined\" (type string) at path \"zipCode\""}
{"level":"error","message":"Error: 401 ---  message: Please login to continue"}
{"level":"error","message":"Error: 500 ---  message: Shop validation failed: zipCode: Cast to Number failed for value \"undefined\" (type string) at path \"zipCode\""}
{"level":"error","message":"Error: 401 ---  message: Please login to continue"}
{"level":"error","message":"Error: 500 ---  message: Shop validation failed: zipCode: Cast to Number failed for value \"undefined\" (type string) at path \"zipCode\""}
{"level":"error","message":"Error: 401 ---  message: Please login to continue"}
{"level":"error","message":"Error: 500 ---  message: Shop validation failed: zipCode: Cast to Number failed for value \"undefined\" (type string) at path \"zipCode\""}
{"level":"error","message":"Error: 401 ---  message: Please login to continue"}
{"level":"error","message":"Error: 500 ---  message: Shop validation failed: phoneNumber: Cast to Number failed for value \"undefined\" (type string) at path \"phoneNumber\", zipCode: Cast to Number failed for value \"undefined\" (type string) at path \"zipCode\""}
{"level":"error","message":"Error: 401 ---  message: Please login to continue"}
{"level":"error","message":"Error: 401 ---  message: Please login to continue"}
{"level":"error","message":"Error: 401 ---  message: Please login to continue"}
{"level":"error","message":"Error: 401 ---  message: Please login to continue"}
{"level":"error","message":"Error: 401 ---  message: Please login to continue"}
{"level":"error","message":"Error: 401 ---  message: Please login to continue"}
{"level":"error","message":"Error: 401 ---  message: Please login to continue"}
{"level":"error","message":"Error: 400 ---  message: User already exists"}
{"level":"error","message":"Error: 400 ---  message: User already exists"}
{"level":"error","message":"Error: 400 ---  message: User already exists"}
{"level":"error","message":"Error: 400 ---  message: User already exists"}
{"level":"error","message":"Error: 400 ---  message: User already exists"}
{"level":"error","message":"Error: 400 ---  message: User already exists"}
{"level":"error","message":"Error: 400 ---  message: User already exists"}
{"level":"error","message":"Error: 400 ---  message: User already exists"}
{"level":"error","message":"Error: 400 ---  message: User already exists"}
{"level":"error","message":"Error: 400 ---  message: User already exists"}
{"level":"error","message":"Error: 401 ---  message: Please login to continue"}
{"level":"error","message":"Error: 401 ---  message: Please login to continue"}
{"level":"error","message":"Error: 400 ---  message: User already exists"}
{"level":"error","message":"Error: 401 ---  message: Please login to continue"}
{"level":"error","message":"Error: 401 ---  message: Please login to continue"}
{"level":"error","message":"Error: 401 ---  message: Please login to continue"}
{"level":"error","message":"Error: 500 ---  message: jwt expired"}
{"level":"error","message":"Error: 400 ---  message: User already exists"}
{"level":"error","message":"Error: 401 ---  message: Please login to continue"}
{"level":"error","message":"Error: 401 ---  message: Please login to continue"}
{"level":"error","message":"Error: 400 ---  message: ValidationError: category: Please enter your product category!"}
{"level":"error","message":"Error: 400 ---  message: ValidationError: originalPrice: Cast to Number failed for value \"undefined\" (type string) at path \"originalPrice\""}
{"level":"error","message":"Error: 401 ---  message: You did not provide an API key. You need to provide your API key in the Authorization header, using Bearer auth (e.g. 'Authorization: Bearer YOUR_SECRET_KEY'). See https://stripe.com/docs/api#authentication for details, or we can help at https://support.stripe.com/."}
{"level":"error","message":"Error: 401 ---  message: You did not provide an API key. You need to provide your API key in the Authorization header, using Bearer auth (e.g. 'Authorization: Bearer YOUR_SECRET_KEY'). See https://stripe.com/docs/api#authentication for details, or we can help at https://support.stripe.com/."}
{"level":"error","message":"Error: 401 ---  message: You did not provide an API key. You need to provide your API key in the Authorization header, using Bearer auth (e.g. 'Authorization: Bearer YOUR_SECRET_KEY'). See https://stripe.com/docs/api#authentication for details, or we can help at https://support.stripe.com/."}
{"level":"error","message":"Error: 400 ---  message: ValidationError: category: Please enter your product category!"}
{"level":"error","message":"Error: 400 ---  message: ValidationError: category: Please enter your product category!"}
{"level":"error","message":"Error: 400 ---  message: ValidationError: category: Please enter your product category!"}
{"level":"error","message":"Error: 401 ---  message: Please login to continue"}
{"level":"error","message":"Error: 401 ---  message: Please login to continue"}
{"level":"error","message":"Error: 401 ---  message: Please login to continue"}
{"level":"error","message":"Error: 401 ---  message: Please login to continue"}
{"level":"error","message":"Error: 401 ---  message: Please login to continue"}
{"level":"error","message":"Error: 401 ---  message: Please login to continue"}
{"level":"error","message":"Error: 401 ---  message: Please login to continue"}
{"level":"error","message":"Error: 400 ---  message: User doesn't exists!"}
{"level":"error","message":"Error: 401 ---  message: Please login to continue"}
{"level":"error","message":"Error: 401 ---  message: Please login to continue"}
{"level":"error","message":"Error: 401 ---  message: Please login to continue"}
{"level":"error","message":"Error: 401 ---  message: You did not provide an API key. You need to provide your API key in the Authorization header, using Bearer auth (e.g. 'Authorization: Bearer YOUR_SECRET_KEY'). See https://stripe.com/docs/api#authentication for details, or we can help at https://support.stripe.com/."}
{"level":"error","message":"Error: 401 ---  message: You did not provide an API key. You need to provide your API key in the Authorization header, using Bearer auth (e.g. 'Authorization: Bearer YOUR_SECRET_KEY'). See https://stripe.com/docs/api#authentication for details, or we can help at https://support.stripe.com/."}
{"level":"error","message":"Error: 401 ---  message: You did not provide an API key. You need to provide your API key in the Authorization header, using Bearer auth (e.g. 'Authorization: Bearer YOUR_SECRET_KEY'). See https://stripe.com/docs/api#authentication for details, or we can help at https://support.stripe.com/."}
{"level":"error","message":"Error: 401 ---  message: You did not provide an API key. You need to provide your API key in the Authorization header, using Bearer auth (e.g. 'Authorization: Bearer YOUR_SECRET_KEY'). See https://stripe.com/docs/api#authentication for details, or we can help at https://support.stripe.com/."}
{"level":"error","message":"Error: 401 ---  message: Please login to continue"}
{"level":"error","message":"Error: 401 ---  message: Please login to continue"}
{"level":"error","message":"Error: 401 ---  message: Please login to continue"}
{"level":"error","message":"Error: 401 ---  message: Please login to continue"}
{"level":"error","message":"Error: 401 ---  message: Please login to continue"}
{"level":"error","message":"Error: 401 ---  message: Please login to continue"}
{"level":"error","message":"Error: 401 ---  message: You did not provide an API key. You need to provide your API key in the Authorization header, using Bearer auth (e.g. 'Authorization: Bearer YOUR_SECRET_KEY'). See https://stripe.com/docs/api#authentication for details, or we can help at https://support.stripe.com/."}
{"level":"error","message":"Error: 401 ---  message: Please login to continue"}
{"level":"error","message":"Error: 401 ---  message: Please login to continue"}
{"level":"error","message":"Error: 401 ---  message: Please login to continue"}
{"level":"error","message":"Error: 401 ---  message: Please login to continue"}
{"level":"error","message":"Error: 401 ---  message: Please login to continue"}
{"level":"error","message":"Error: 401 ---  message: Please login to continue"}
{"level":"error","message":"Error: 401 ---  message: Please login to continue"}
{"level":"error","message":"Error: 401 ---  message: Please login to continue"}
{"level":"error","message":"Error: 401 ---  message: Please login to continue"}
{"level":"error","message":"Error: 401 ---  message: Please login to continue"}
{"level":"error","message":"Error: 401 ---  message: Please login to continue"}
{"level":"error","message":"Error: 401 ---  message: Please login to continue"}
{"level":"error","message":"Error: 401 ---  message: Please login to continue"}
{"level":"error","message":"Error: 401 ---  message: Please login to continue"}
{"level":"error","message":"Error: 401 ---  message: Please login to continue"}
{"level":"error","message":"Error: 401 ---  message: Please login to continue"}
{"level":"error","message":"Error: 401 ---  message: Please login to continue"}
{"level":"error","message":"Error: 401 ---  message: Please login to continue"}
{"level":"error","message":"Error: 401 ---  message: Please login to continue"}
{"level":"error","message":"Error: 401 ---  message: Please login to continue"}
{"level":"error","message":"Error: 500 ---  message: Access denied"}
{"level":"error","message":"Error: 500 ---  message: Access denied"}
{"level":"error","message":"Error: 500 ---  message: Access denied"}
{"level":"error","message":"Error: 500 ---  message: Access denied"}
{"level":"error","message":"Error: 500 ---  message: Access denied"}
{"level":"error","message":"Error: 500 ---  message: Access denied"}
{"level":"error","message":"Error: 500 ---  message: Access denied"}
{"level":"error","message":"Error: 500 ---  message: Access denied"}
{"level":"error","message":"Error: 500 ---  message: Access denied"}
{"level":"error","message":"Error: 500 ---  message: Access denied"}
{"level":"error","message":"Error: 500 ---  message: Access denied"}
{"level":"error","message":"Error: 500 ---  message: Access denied"}
{"level":"error","message":"Error: 500 ---  message: Access denied"}
{"level":"error","message":"Error: 500 ---  message: Access denied"}
{"level":"error","message":"Error: 500 ---  message: Access denied"}
{"level":"error","message":"Error: 500 ---  message: Access denied"}
{"level":"error","message":"Error: 500 ---  message: Access denied"}
{"level":"error","message":"Error: 500 ---  message: Access denied"}
{"level":"error","message":"Error: 500 ---  message: Access denied"}
{"level":"error","message":"Error: 500 ---  message: Access denied"}
{"level":"error","message":"Error: 500 ---  message: Access denied"}
{"level":"error","message":"Error: 500 ---  message: Access denied"}
{"level":"error","message":"Error: 500 ---  message: Access denied"}
{"level":"error","message":"Error: 500 ---  message: Access denied"}
{"level":"error","message":"Error: 500 ---  message: Access denied"}
{"level":"error","message":"Error: 500 ---  message: Access denied"}
{"level":"error","message":"Error: 500 ---  message: Access denied"}
{"level":"error","message":"Error: 500 ---  message: Access denied"}
{"level":"error","message":"Error: 500 ---  message: Access denied"}
{"level":"error","message":"Error: 500 ---  message: Access denied"}
{"level":"error","message":"Error: 500 ---  message: Access denied"}
{"level":"error","message":"Error: 500 ---  message: Access denied"}
{"level":"error","message":"Error: 500 ---  message: Access denied"}
{"level":"error","message":"Error: 500 ---  message: Access denied"}
{"level":"error","message":"Error: 500 ---  message: Access denied"}
{"level":"error","message":"Error: 500 ---  message: Access denied"}
{"level":"error","message":"Error: 500 ---  message: Access denied"}
{"level":"error","message":"Error: 500 ---  message: Access denied"}
{"level":"error","message":"Error: 500 ---  message: Access denied"}
{"level":"error","message":"Error: 500 ---  message: Access denied"}
{"level":"error","message":"Error: 500 ---  message: Access denied"}
{"level":"error","message":"Error: 500 ---  message: Access denied"}
{"level":"error","message":"Error: 500 ---  message: Access denied"}
{"level":"error","message":"Error: 500 ---  message: Access denied"}
{"level":"error","message":"Error: 500 ---  message: Access denied"}
{"level":"error","message":"Error: 401 ---  message: Please login to continue"}
{"level":"error","message":"Error: 401 ---  message: Please login to continue"}
{"level":"error","message":"Error: 401 ---  message: Please login to continue"}
{"level":"error","message":"Error: 401 ---  message: Please login to continue"}
{"level":"error","message":"Error: 401 ---  message: Please login to continue"}
{"level":"error","message":"Error: 401 ---  message: Please login to continue"}
{"level":"error","message":"Error: 401 ---  message: Please login to continue"}
{"level":"error","message":"Error: 401 ---  message: Please login to continue"}
{"level":"error","message":"Error: 401 ---  message: Please login to continue"}
{"level":"error","message":"Error: 401 ---  message: Please login to continue"}
{"level":"error","message":"Error: 401 ---  message: Please login to continue"}
{"level":"error","message":"Error: 401 ---  message: Please login to continue"}
{"level":"error","message":"Error: 401 ---  message: Please login to continue"}
{"level":"error","message":"Error: 401 ---  message: Please login to continue"}
{"level":"error","message":"Error: 401 ---  message: Please login to continue"}
{"level":"error","message":"Error: 401 ---  message: Please login to continue"}
{"level":"error","message":"Error: 401 ---  message: Please login to continue"}
{"level":"error","message":"Error: 401 ---  message: Please login to continue"}
{"level":"error","message":"Error: 401 ---  message: Please login to continue"}
{"level":"error","message":"Error: 401 ---  message: Please login to continue"}
{"level":"error","message":"Error: 401 ---  message: Please login to continue"}
{"level":"error","message":"Error: 401 ---  message: Please login to continue"}
{"level":"error","message":"Error: 401 ---  message: Please login to continue"}
{"level":"error","message":"Error: 401 ---  message: Please login to continue"}
{"level":"error","message":"Error: 401 ---  message: Please login to continue"}
{"level":"error","message":"Error: 401 ---  message: Please login to continue"}
{"level":"error","message":"Error: 401 ---  message: Please login to continue"}
{"level":"error","message":"Error: 401 ---  message: Please login to continue"}
{"level":"error","message":"Error: 401 ---  message: Please login to continue"}
{"level":"error","message":"Error: 401 ---  message: Please login to continue"}
{"level":"error","message":"Error: 401 ---  message: Please login to continue"}
{"level":"error","message":"Error: 401 ---  message: Please login to continue"}
{"level":"error","message":"Error: 401 ---  message: Please login to continue"}
{"level":"error","message":"Error: 401 ---  message: Please login to continue"}
{"level":"error","message":"Error: 401 ---  message: Please login to continue"}
{"level":"error","message":"Error: 401 ---  message: Please login to continue"}
{"level":"error","message":"Error: 401 ---  message: Please login to continue"}
{"level":"error","message":"Error: 401 ---  message: Please login to continue"}
{"level":"error","message":"Error: 401 ---  message: Please login to continue"}
{"level":"error","message":"Error: 500 ---  message: Event not found with this id!"}
{"level":"error","message":"Error: 500 ---  message: EPERM: operation not permitted, open 'D:\\New folder\\mearn-ecommerce-withDashboard\\backend\\uploads\\labtop-1688506639028-61320913.png'"}
{"level":"error","message":"Error: 400 ---  message: TypeError: Cannot read properties of null (reading 'images')"}
{"level":"error","message":"Error: 400 ---  message: TypeError: Cannot read properties of null (reading 'images')"}
{"level":"error","message":"Error: 400 ---  message: TypeError: Cannot read properties of null (reading 'images')"}
{"level":"error","message":"Error: 400 ---  message: TypeError: Cannot read properties of null (reading 'images')"}
{"level":"error","message":"Error: 400 ---  message: TypeError: Cannot read properties of null (reading 'images')"}
{"level":"error","message":"Error: 400 ---  message: TypeError: Cannot read properties of null (reading 'images')"}
{"level":"error","message":"Error: 400 ---  message: TypeError: Cannot read properties of null (reading 'images')"}
{"level":"error","message":"Error: 400 ---  message: TypeError: Cannot read properties of null (reading 'images')"}
{"level":"error","message":"Error: 400 ---  message: TypeError: Cannot read properties of null (reading 'images')"}
{"level":"error","message":"Error: 400 ---  message: TypeError: Cannot read properties of null (reading 'images')"}
{"level":"error","message":"Error: 400 ---  message: TypeError: Cannot read properties of null (reading 'images')"}
{"level":"error","message":"Error: 400 ---  message: TypeError: Cannot read properties of null (reading 'images')"}
{"level":"error","message":"Error: 400 ---  message: TypeError: Cannot read properties of null (reading 'images')"}
{"level":"error","message":"Error: 400 ---  message: TypeError: Cannot read properties of null (reading 'images')"}
{"level":"error","message":"Error: 400 ---  message: TypeError: Cannot read properties of null (reading 'images')"}
{"level":"error","message":"Error: 400 ---  message: TypeError: Cannot read properties of null (reading 'images')"}
{"level":"error","message":"Error: 400 ---  message: TypeError: Cannot read properties of null (reading 'images')"}
{"level":"error","message":"Error: 400 ---  message: TypeError: Cannot read properties of null (reading 'images')"}
{"level":"error","message":"Error: 400 ---  message: TypeError: Cannot read properties of null (reading 'images')"}
{"level":"error","message":"Error: 400 ---  message: TypeError: Cannot read properties of null (reading 'images')"}
{"level":"error","message":"Error: 400 ---  message: TypeError: Cannot read properties of null (reading 'images')"}
{"level":"error","message":"Error: 400 ---  message: TypeError: Cannot read properties of null (reading 'images')"}
{"level":"error","message":"Error: 400 ---  message: TypeError: Cannot read properties of null (reading 'images')"}
{"level":"error","message":"Error: 400 ---  message: TypeError: Cannot read properties of null (reading 'images')"}
{"level":"error","message":"Error: 400 ---  message: TypeError: Cannot read properties of null (reading 'images')"}
{"level":"error","message":"Error: 400 ---  message: TypeError: Cannot read properties of null (reading 'images')"}
{"level":"error","message":"Error: 400 ---  message: TypeError: Cannot read properties of null (reading 'images')"}
{"level":"error","message":"Error: 400 ---  message: TypeError: Cannot read properties of null (reading 'images')"}
{"level":"error","message":"Error: 400 ---  message: TypeError: Cannot read properties of null (reading 'images')"}
{"level":"error","message":"Error: 400 ---  message: TypeError: Cannot read properties of null (reading 'images')"}
{"level":"error","message":"Error: 400 ---  message: TypeError: Cannot read properties of null (reading 'images')"}
{"level":"error","message":"Error: 400 ---  message: TypeError: Cannot read properties of null (reading 'images')"}
{"level":"error","message":"Error: 400 ---  message: TypeError: Cannot read properties of null (reading 'images')"}
{"level":"error","message":"Error: 400 ---  message: TypeError: Cannot read properties of null (reading 'images')"}
{"level":"error","message":"Error: 400 ---  message: TypeError: Cannot read properties of null (reading 'images')"}
{"level":"error","message":"Error: 400 ---  message: TypeError: Cannot read properties of null (reading 'images')"}
{"level":"error","message":"Error: 400 ---  message: TypeError: Cannot read properties of null (reading 'images')"}
{"level":"error","message":"Error: 400 ---  message: TypeError: Cannot read properties of null (reading 'images')"}
{"level":"error","message":"Error: 400 ---  message: TypeError: Cannot read properties of null (reading 'images')"}
{"level":"error","message":"Error: 400 ---  message: TypeError: Cannot read properties of null (reading 'images')"}
{"level":"error","message":"Error: 400 ---  message: TypeError: Cannot read properties of null (reading 'images')"}
{"level":"error","message":"Error: 400 ---  message: TypeError: Cannot read properties of null (reading 'images')"}
{"level":"error","message":"Error: 400 ---  message: TypeError: Cannot read properties of null (reading 'images')"}
{"level":"error","message":"Error: 400 ---  message: TypeError: Cannot read properties of null (reading 'images')"}
{"level":"error","message":"Error: 400 ---  message: TypeError: Cannot read properties of null (reading 'images')"}
{"level":"error","message":"Error: 400 ---  message: TypeError: Cannot read properties of null (reading 'images')"}
{"level":"error","message":"Error: 400 ---  message: TypeError: Cannot read properties of null (reading 'images')"}
{"level":"error","message":"Error: 400 ---  message: TypeError: Cannot read properties of null (reading 'images')"}
{"level":"error","message":"Error: 400 ---  message: TypeError: Cannot read properties of null (reading 'images')"}
{"level":"error","message":"Error: 400 ---  message: TypeError: Cannot read properties of null (reading 'images')"}
{"level":"error","message":"Error: 400 ---  message: TypeError: Cannot read properties of null (reading 'images')"}
{"level":"error","message":"Error: 400 ---  message: TypeError: Cannot read properties of null (reading 'images')"}
{"level":"error","message":"Error: 400 ---  message: TypeError: Cannot read properties of null (reading 'images')"}
{"level":"error","message":"Error: 400 ---  message: TypeError: Cannot read properties of null (reading 'images')"}
{"level":"error","message":"Error: 400 ---  message: TypeError: Cannot read properties of null (reading 'images')"}
{"level":"error","message":"Error: 400 ---  message: TypeError: Cannot read properties of null (reading 'images')"}
{"level":"error","message":"Error: 400 ---  message: TypeError: Cannot read properties of null (reading 'images')"}
{"level":"error","message":"Error: 400 ---  message: TypeError: Cannot read properties of null (reading 'images')"}
{"level":"error","message":"Error: 400 ---  message: TypeError: Cannot read properties of null (reading 'images')"}
{"level":"error","message":"Error: 400 ---  message: TypeError: Cannot read properties of null (reading 'images')"}
{"level":"error","message":"Error: 400 ---  message: TypeError: Cannot read properties of null (reading 'images')"}
{"level":"error","message":"Error: 400 ---  message: TypeError: Cannot read properties of null (reading 'images')"}
{"level":"error","message":"Error: 400 ---  message: TypeError: Cannot read properties of null (reading 'images')"}
{"level":"error","message":"Error: 400 ---  message: TypeError: Cannot read properties of null (reading 'images')"}
{"level":"error","message":"Error: 400 ---  message: TypeError: Cannot read properties of null (reading 'images')"}
{"level":"error","message":"Error: 400 ---  message: TypeError: Cannot read properties of null (reading 'images')"}
{"level":"error","message":"Error: 400 ---  message: TypeError: Cannot read properties of null (reading 'images')"}
{"level":"error","message":"Error: 400 ---  message: TypeError: Cannot read properties of null (reading 'images')"}
{"level":"error","message":"Error: 400 ---  message: TypeError: Cannot read properties of null (reading 'images')"}
{"level":"error","message":"Error: 400 ---  message: TypeError: Cannot read properties of null (reading 'images')"}
{"level":"error","message":"Error: 400 ---  message: TypeError: Cannot read properties of null (reading 'images')"}
{"level":"error","message":"Error: 400 ---  message: TypeError: Cannot read properties of null (reading 'images')"}
{"level":"error","message":"Error: 400 ---  message: TypeError: Cannot read properties of null (reading 'images')"}
{"level":"error","message":"Error: 400 ---  message: TypeError: Cannot read properties of null (reading 'images')"}
{"level":"error","message":"Error: 400 ---  message: TypeError: Cannot read properties of null (reading 'images')"}
{"level":"error","message":"Error: 400 ---  message: TypeError: Cannot read properties of null (reading 'images')"}
{"level":"error","message":"Error: 400 ---  message: TypeError: Cannot read properties of null (reading 'images')"}
{"level":"error","message":"Error: 400 ---  message: TypeError: Cannot read properties of null (reading 'images')"}
{"level":"error","message":"Error: 400 ---  message: TypeError: Cannot read properties of null (reading 'images')"}
{"level":"error","message":"Error: 400 ---  message: TypeError: Cannot read properties of null (reading 'images')"}
{"level":"error","message":"Error: 400 ---  message: TypeError: Cannot read properties of null (reading 'images')"}
{"level":"error","message":"Error: 400 ---  message: TypeError: Cannot read properties of null (reading 'images')"}
{"level":"error","message":"Error: 400 ---  message: TypeError: Cannot read properties of null (reading 'images')"}
{"level":"error","message":"Error: 400 ---  message: TypeError: Cannot read properties of null (reading 'images')"}
{"level":"error","message":"Error: 400 ---  message: TypeError: Cannot read properties of null (reading 'images')"}
{"level":"error","message":"Error: 400 ---  message: TypeError: Cannot read properties of null (reading 'images')"}
{"level":"error","message":"Error: 400 ---  message: TypeError: Cannot read properties of null (reading 'images')"}
{"level":"error","message":"Error: 400 ---  message: TypeError: Cannot read properties of null (reading 'images')"}
{"level":"error","message":"Error: 400 ---  message: TypeError: Cannot read properties of null (reading 'images')"}
{"level":"error","message":"Error: 400 ---  message: TypeError: Cannot read properties of null (reading 'images')"}
{"level":"error","message":"Error: 400 ---  message: TypeError: Cannot read properties of null (reading 'images')"}
{"level":"error","message":"Error: 400 ---  message: TypeError: Cannot read properties of null (reading 'images')"}
{"level":"error","message":"Error: 400 ---  message: TypeError: Cannot read properties of null (reading 'images')"}
{"level":"error","message":"Error: 400 ---  message: TypeError: Cannot read properties of null (reading 'images')"}
{"level":"error","message":"Error: 400 ---  message: TypeError: Cannot read properties of null (reading 'images')"}
{"level":"error","message":"Error: 400 ---  message: TypeError: Cannot read properties of null (reading 'images')"}
{"level":"error","message":"Error: 400 ---  message: TypeError: Cannot read properties of null (reading 'images')"}
{"level":"error","message":"Error: 400 ---  message: TypeError: Cannot read properties of null (reading 'images')"}
{"level":"error","message":"Error: 400 ---  message: TypeError: Cannot read properties of null (reading 'images')"}
{"level":"error","message":"Error: 400 ---  message: TypeError: Cannot read properties of null (reading 'images')"}
{"level":"error","message":"Error: 400 ---  message: TypeError: Cannot read properties of null (reading 'images')"}
{"level":"error","message":"Error: 400 ---  message: TypeError: Cannot read properties of null (reading 'images')"}
{"level":"error","message":"Error: 400 ---  message: TypeError: Cannot read properties of null (reading 'images')"}
{"level":"error","message":"Error: 400 ---  message: TypeError: Cannot read properties of null (reading 'images')"}
{"level":"error","message":"Error: 400 ---  message: TypeError: Cannot read properties of null (reading 'images')"}
{"level":"error","message":"Error: 400 ---  message: TypeError: Cannot read properties of null (reading 'images')"}
{"level":"error","message":"Error: 400 ---  message: TypeError: Cannot read properties of null (reading 'images')"}
{"level":"error","message":"Error: 400 ---  message: TypeError: Cannot read properties of null (reading 'images')"}
{"level":"error","message":"Error: 400 ---  message: TypeError: Cannot read properties of null (reading 'images')"}
{"level":"error","message":"Error: 400 ---  message: TypeError: Cannot read properties of null (reading 'images')"}
{"level":"error","message":"Error: 400 ---  message: TypeError: Cannot read properties of null (reading 'images')"}
{"level":"error","message":"Error: 400 ---  message: TypeError: Cannot read properties of null (reading 'images')"}
{"level":"error","message":"Error: 400 ---  message: TypeError: Cannot read properties of null (reading 'images')"}
{"level":"error","message":"Error: 400 ---  message: TypeError: Cannot read properties of null (reading 'images')"}
{"level":"error","message":"Error: 400 ---  message: TypeError: Cannot read properties of null (reading 'images')"}
{"level":"error","message":"Error: 400 ---  message: TypeError: Cannot read properties of null (reading 'images')"}
{"level":"error","message":"Error: 400 ---  message: TypeError: Cannot read properties of null (reading 'images')"}
{"level":"error","message":"Error: 400 ---  message: TypeError: Cannot read properties of null (reading 'images')"}
{"level":"error","message":"Error: 400 ---  message: TypeError: Cannot read properties of null (reading 'images')"}
{"level":"error","message":"Error: 400 ---  message: TypeError: Cannot read properties of null (reading 'images')"}
{"level":"error","message":"Error: 400 ---  message: TypeError: Cannot read properties of null (reading 'images')"}
{"level":"error","message":"Error: 400 ---  message: TypeError: Cannot read properties of null (reading 'images')"}
{"level":"error","message":"Error: 400 ---  message: TypeError: Cannot read properties of null (reading 'images')"}
{"level":"error","message":"Error: 400 ---  message: TypeError: Cannot read properties of null (reading 'images')"}
{"level":"error","message":"Error: 400 ---  message: TypeError: Cannot read properties of null (reading 'images')"}
{"level":"error","message":"Error: 400 ---  message: TypeError: Cannot read properties of null (reading 'images')"}
{"level":"error","message":"Error: 400 ---  message: TypeError: Cannot read properties of null (reading 'images')"}
{"level":"error","message":"Error: 400 ---  message: TypeError: Cannot read properties of null (reading 'images')"}
{"level":"error","message":"Error: 400 ---  message: TypeError: Cannot read properties of null (reading 'images')"}
{"level":"error","message":"Error: 400 ---  message: TypeError: Cannot read properties of null (reading 'images')"}
{"level":"error","message":"Error: 400 ---  message: TypeError: Cannot read properties of null (reading 'images')"}
{"level":"error","message":"Error: 400 ---  message: TypeError: Cannot read properties of null (reading 'images')"}
{"level":"error","message":"Error: 400 ---  message: TypeError: Cannot read properties of null (reading 'images')"}
{"level":"error","message":"Error: 400 ---  message: TypeError: Cannot read properties of null (reading 'images')"}
{"level":"error","message":"Error: 400 ---  message: TypeError: Cannot read properties of null (reading 'images')"}
{"level":"error","message":"Error: 400 ---  message: TypeError: Cannot read properties of null (reading 'images')"}
{"level":"error","message":"Error: 400 ---  message: TypeError: Cannot read properties of null (reading 'images')"}
{"level":"error","message":"Error: 400 ---  message: TypeError: Cannot read properties of null (reading 'images')"}
{"level":"error","message":"Error: 400 ---  message: TypeError: Cannot read properties of null (reading 'images')"}
{"level":"error","message":"Error: 400 ---  message: TypeError: Cannot read properties of null (reading 'images')"}
{"level":"error","message":"Error: 400 ---  message: TypeError: Cannot read properties of null (reading 'images')"}
{"level":"error","message":"Error: 400 ---  message: TypeError: Cannot read properties of null (reading 'images')"}
{"level":"error","message":"Error: 400 ---  message: TypeError: Cannot read properties of null (reading 'images')"}
{"level":"error","message":"Error: 400 ---  message: TypeError: Cannot read properties of null (reading 'images')"}
{"level":"error","message":"Error: 400 ---  message: TypeError: Cannot read properties of null (reading 'images')"}
{"level":"error","message":"Error: 400 ---  message: TypeError: Cannot read properties of null (reading 'images')"}
{"level":"error","message":"Error: 400 ---  message: TypeError: Cannot read properties of null (reading 'images')"}
{"level":"error","message":"Error: 400 ---  message: TypeError: Cannot read properties of null (reading 'images')"}
{"level":"error","message":"Error: 400 ---  message: TypeError: Cannot read properties of null (reading 'images')"}
{"level":"error","message":"Error: 400 ---  message: TypeError: Cannot read properties of null (reading 'images')"}
{"level":"error","message":"Error: 400 ---  message: TypeError: Cannot read properties of null (reading 'images')"}
{"level":"error","message":"Error: 400 ---  message: TypeError: Cannot read properties of null (reading 'images')"}
{"level":"error","message":"Error: 400 ---  message: TypeError: Cannot read properties of null (reading 'images')"}
{"level":"error","message":"Error: 400 ---  message: TypeError: Cannot read properties of null (reading 'images')"}
{"level":"error","message":"Error: 400 ---  message: TypeError: Cannot read properties of null (reading 'images')"}
{"level":"error","message":"Error: 400 ---  message: TypeError: Cannot read properties of null (reading 'images')"}
{"level":"error","message":"Error: 400 ---  message: TypeError: Cannot read properties of null (reading 'images')"}
{"level":"error","message":"Error: 400 ---  message: TypeError: Cannot read properties of null (reading 'images')"}
{"level":"error","message":"Error: 400 ---  message: TypeError: Cannot read properties of null (reading 'images')"}
{"level":"error","message":"Error: 400 ---  message: TypeError: Cannot read properties of null (reading 'images')"}
{"level":"error","message":"Error: 400 ---  message: TypeError: Cannot read properties of null (reading 'images')"}
{"level":"error","message":"Error: 400 ---  message: TypeError: Cannot read properties of null (reading 'images')"}
{"level":"error","message":"Error: 400 ---  message: TypeError: Cannot read properties of null (reading 'images')"}
{"level":"error","message":"Error: 400 ---  message: TypeError: Cannot read properties of null (reading 'images')"}
{"level":"error","message":"Error: 400 ---  message: TypeError: Cannot read properties of null (reading 'images')"}
{"level":"error","message":"Error: 400 ---  message: TypeError: Cannot read properties of null (reading 'images')"}
{"level":"error","message":"Error: 400 ---  message: TypeError: Cannot read properties of null (reading 'images')"}
{"level":"error","message":"Error: 400 ---  message: TypeError: Cannot read properties of null (reading 'images')"}
{"level":"error","message":"Error: 400 ---  message: TypeError: Cannot read properties of null (reading 'images')"}
{"level":"error","message":"Error: 400 ---  message: TypeError: Cannot read properties of null (reading 'images')"}
{"level":"error","message":"Error: 400 ---  message: TypeError: Cannot read properties of null (reading 'images')"}
{"level":"error","message":"Error: 400 ---  message: TypeError: Cannot read properties of null (reading 'images')"}
{"level":"error","message":"Error: 400 ---  message: TypeError: Cannot read properties of null (reading 'images')"}
{"level":"error","message":"Error: 400 ---  message: TypeError: Cannot read properties of null (reading 'images')"}
{"level":"error","message":"Error: 400 ---  message: TypeError: Cannot read properties of null (reading 'images')"}
{"level":"error","message":"Error: 400 ---  message: TypeError: Cannot read properties of null (reading 'images')"}
{"level":"error","message":"Error: 400 ---  message: TypeError: Cannot read properties of null (reading 'images')"}
{"level":"error","message":"Error: 400 ---  message: TypeError: Cannot read properties of null (reading 'images')"}
{"level":"error","message":"Error: 400 ---  message: TypeError: Cannot read properties of null (reading 'images')"}
{"level":"error","message":"Error: 400 ---  message: TypeError: Cannot read properties of null (reading 'images')"}
{"level":"error","message":"Error: 400 ---  message: TypeError: Cannot read properties of null (reading 'images')"}
{"level":"error","message":"Error: 400 ---  message: TypeError: Cannot read properties of null (reading 'images')"}
{"level":"error","message":"Error: 400 ---  message: TypeError: Cannot read properties of null (reading 'images')"}
{"level":"error","message":"Error: 400 ---  message: TypeError: Cannot read properties of null (reading 'images')"}
{"level":"error","message":"Error: 400 ---  message: TypeError: Cannot read properties of null (reading 'images')"}
{"level":"error","message":"Error: 400 ---  message: TypeError: Cannot read properties of null (reading 'images')"}
{"level":"error","message":"Error: 400 ---  message: TypeError: Cannot read properties of null (reading 'images')"}
{"level":"error","message":"Error: 400 ---  message: TypeError: Cannot read properties of null (reading 'images')"}
{"level":"error","message":"Error: 400 ---  message: TypeError: Cannot read properties of null (reading 'images')"}
{"level":"error","message":"Error: 400 ---  message: TypeError: Cannot read properties of null (reading 'images')"}
{"level":"error","message":"Error: 400 ---  message: TypeError: Cannot read properties of null (reading 'images')"}
{"level":"error","message":"Error: 400 ---  message: TypeError: Cannot read properties of null (reading 'images')"}
{"level":"error","message":"Error: 400 ---  message: TypeError: Cannot read properties of null (reading 'images')"}
{"level":"error","message":"Error: 400 ---  message: TypeError: Cannot read properties of null (reading 'images')"}
{"level":"error","message":"Error: 400 ---  message: TypeError: Cannot read properties of null (reading 'images')"}
{"level":"error","message":"Error: 400 ---  message: TypeError: Cannot read properties of null (reading 'images')"}
{"level":"error","message":"Error: 400 ---  message: TypeError: Cannot read properties of null (reading 'images')"}
{"level":"error","message":"Error: 400 ---  message: TypeError: Cannot read properties of null (reading 'images')"}
{"level":"error","message":"Error: 400 ---  message: TypeError: Cannot read properties of null (reading 'images')"}
{"level":"error","message":"Error: 400 ---  message: TypeError: Cannot read properties of null (reading 'images')"}
{"level":"error","message":"Error: 400 ---  message: TypeError: Cannot read properties of null (reading 'images')"}
{"level":"error","message":"Error: 400 ---  message: TypeError: Cannot read properties of null (reading 'images')"}
{"level":"error","message":"Error: 400 ---  message: TypeError: Cannot read properties of null (reading 'images')"}
{"level":"error","message":"Error: 400 ---  message: TypeError: Cannot read properties of null (reading 'images')"}
{"level":"error","message":"Error: 400 ---  message: TypeError: Cannot read properties of null (reading 'images')"}
{"level":"error","message":"Error: 400 ---  message: TypeError: Cannot read properties of null (reading 'images')"}
{"level":"error","message":"Error: 400 ---  message: TypeError: Cannot read properties of null (reading 'images')"}
{"level":"error","message":"Error: 400 ---  message: TypeError: Cannot read properties of null (reading 'images')"}
{"level":"error","message":"Error: 400 ---  message: TypeError: Cannot read properties of null (reading 'images')"}
{"level":"error","message":"Error: 400 ---  message: TypeError: Cannot read properties of null (reading 'images')"}
{"level":"error","message":"Error: 400 ---  message: TypeError: Cannot read properties of null (reading 'images')"}
{"level":"error","message":"Error: 400 ---  message: TypeError: Cannot read properties of null (reading 'images')"}
{"level":"error","message":"Error: 400 ---  message: TypeError: Cannot read properties of null (reading 'images')"}
{"level":"error","message":"Error: 400 ---  message: TypeError: Cannot read properties of null (reading 'images')"}
{"level":"error","message":"Error: 400 ---  message: TypeError: Cannot read properties of null (reading 'images')"}
{"level":"error","message":"Error: 400 ---  message: TypeError: Cannot read properties of null (reading 'images')"}
{"level":"error","message":"Error: 400 ---  message: TypeError: Cannot read properties of null (reading 'images')"}
{"level":"error","message":"Error: 400 ---  message: TypeError: Cannot read properties of null (reading 'images')"}
{"level":"error","message":"Error: 400 ---  message: TypeError: Cannot read properties of null (reading 'images')"}
{"level":"error","message":"Error: 400 ---  message: TypeError: Cannot read properties of null (reading 'images')"}
{"level":"error","message":"Error: 400 ---  message: TypeError: Cannot read properties of null (reading 'images')"}
{"level":"error","message":"Error: 400 ---  message: TypeError: Cannot read properties of null (reading 'images')"}
{"level":"error","message":"Error: 400 ---  message: TypeError: Cannot read properties of null (reading 'images')"}
{"level":"error","message":"Error: 400 ---  message: TypeError: Cannot read properties of null (reading 'images')"}
{"level":"error","message":"Error: 400 ---  message: TypeError: Cannot read properties of null (reading 'images')"}
{"level":"error","message":"Error: 400 ---  message: TypeError: Cannot read properties of null (reading 'images')"}
{"level":"error","message":"Error: 400 ---  message: TypeError: Cannot read properties of null (reading 'images')"}
{"level":"error","message":"Error: 400 ---  message: TypeError: Cannot read properties of null (reading 'images')"}
{"level":"error","message":"Error: 400 ---  message: TypeError: Cannot read properties of null (reading 'images')"}
{"level":"error","message":"Error: 400 ---  message: TypeError: Cannot read properties of null (reading 'images')"}
{"level":"error","message":"Error: 400 ---  message: TypeError: Cannot read properties of null (reading 'images')"}
{"level":"error","message":"Error: 400 ---  message: TypeError: Cannot read properties of null (reading 'images')"}
{"level":"error","message":"Error: 400 ---  message: TypeError: Cannot read properties of null (reading 'images')"}
{"level":"error","message":"Error: 400 ---  message: TypeError: Cannot read properties of null (reading 'images')"}
{"level":"error","message":"Error: 400 ---  message: TypeError: Cannot read properties of null (reading 'images')"}
{"level":"error","message":"Error: 400 ---  message: TypeError: Cannot read properties of null (reading 'images')"}
{"level":"error","message":"Error: 400 ---  message: TypeError: Cannot read properties of null (reading 'images')"}
{"level":"error","message":"Error: 400 ---  message: TypeError: Cannot read properties of null (reading 'images')"}
{"level":"error","message":"Error: 400 ---  message: TypeError: Cannot read properties of null (reading 'images')"}
{"level":"error","message":"Error: 400 ---  message: TypeError: Cannot read properties of null (reading 'images')"}
{"level":"error","message":"Error: 400 ---  message: TypeError: Cannot read properties of null (reading 'images')"}
{"level":"error","message":"Error: 400 ---  message: TypeError: Cannot read properties of null (reading 'images')"}
{"level":"error","message":"Error: 400 ---  message: TypeError: Cannot read properties of null (reading 'images')"}
{"level":"error","message":"Error: 400 ---  message: TypeError: Cannot read properties of null (reading 'images')"}
{"level":"error","message":"Error: 400 ---  message: TypeError: Cannot read properties of null (reading 'images')"}
{"level":"error","message":"Error: 400 ---  message: TypeError: Cannot read properties of null (reading 'images')"}
{"level":"error","message":"Error: 400 ---  message: TypeError: Cannot read properties of null (reading 'images')"}
{"level":"error","message":"Error: 400 ---  message: TypeError: Cannot read properties of null (reading 'images')"}
{"level":"error","message":"Error: 400 ---  message: TypeError: Cannot read properties of null (reading 'images')"}
{"level":"error","message":"Error: 400 ---  message: TypeError: Cannot read properties of null (reading 'images')"}
{"level":"error","message":"Error: 400 ---  message: TypeError: Cannot read properties of null (reading 'images')"}
{"level":"error","message":"Error: 400 ---  message: TypeError: Cannot read properties of null (reading 'images')"}
{"level":"error","message":"Error: 400 ---  message: TypeError: Cannot read properties of null (reading 'images')"}
{"level":"error","message":"Error: 400 ---  message: TypeError: Cannot read properties of null (reading 'images')"}
{"level":"error","message":"Error: 400 ---  message: TypeError: Cannot read properties of null (reading 'images')"}
{"level":"error","message":"Error: 400 ---  message: TypeError: Cannot read properties of null (reading 'images')"}
{"level":"error","message":"Error: 400 ---  message: TypeError: Cannot read properties of null (reading 'images')"}
{"level":"error","message":"Error: 400 ---  message: TypeError: Cannot read properties of null (reading 'images')"}
{"level":"error","message":"Error: 400 ---  message: TypeError: Cannot read properties of null (reading 'images')"}
{"level":"error","message":"Error: 400 ---  message: TypeError: Cannot read properties of null (reading 'images')"}
{"level":"error","message":"Error: 400 ---  message: TypeError: Cannot read properties of null (reading 'images')"}
{"level":"error","message":"Error: 400 ---  message: TypeError: Cannot read properties of null (reading 'images')"}
{"level":"error","message":"Error: 400 ---  message: TypeError: Cannot read properties of null (reading 'images')"}
{"level":"error","message":"Error: 400 ---  message: TypeError: Cannot read properties of null (reading 'images')"}
{"level":"error","message":"Error: 400 ---  message: TypeError: Cannot read properties of null (reading 'images')"}
{"level":"error","message":"Error: 400 ---  message: TypeError: Cannot read properties of null (reading 'images')"}
{"level":"error","message":"Error: 400 ---  message: TypeError: Cannot read properties of null (reading 'images')"}
{"level":"error","message":"Error: 400 ---  message: TypeError: Cannot read properties of null (reading 'images')"}
{"level":"error","message":"Error: 400 ---  message: TypeError: Cannot read properties of null (reading 'images')"}
{"level":"error","message":"Error: 400 ---  message: TypeError: Cannot read properties of null (reading 'images')"}
{"level":"error","message":"Error: 400 ---  message: TypeError: Cannot read properties of null (reading 'images')"}
{"level":"error","message":"Error: 400 ---  message: TypeError: Cannot read properties of null (reading 'images')"}
{"level":"error","message":"Error: 400 ---  message: TypeError: Cannot read properties of null (reading 'images')"}
{"level":"error","message":"Error: 400 ---  message: TypeError: Cannot read properties of null (reading 'images')"}
{"level":"error","message":"Error: 400 ---  message: TypeError: Cannot read properties of null (reading 'images')"}
{"level":"error","message":"Error: 400 ---  message: TypeError: Cannot read properties of null (reading 'images')"}
{"level":"error","message":"Error: 400 ---  message: TypeError: Cannot read properties of null (reading 'images')"}
{"level":"error","message":"Error: 400 ---  message: TypeError: Cannot read properties of null (reading 'images')"}
{"level":"error","message":"Error: 400 ---  message: TypeError: Cannot read properties of null (reading 'images')"}
{"level":"error","message":"Error: 400 ---  message: TypeError: Cannot read properties of null (reading 'images')"}
{"level":"error","message":"Error: 400 ---  message: TypeError: Cannot read properties of null (reading 'images')"}
{"level":"error","message":"Error: 400 ---  message: TypeError: Cannot read properties of null (reading 'images')"}
{"level":"error","message":"Error: 400 ---  message: TypeError: Cannot read properties of null (reading 'images')"}
{"level":"error","message":"Error: 400 ---  message: TypeError: Cannot read properties of null (reading 'images')"}
{"level":"error","message":"Error: 400 ---  message: TypeError: Cannot read properties of null (reading 'images')"}
{"level":"error","message":"Error: 400 ---  message: TypeError: Cannot read properties of null (reading 'images')"}
{"level":"error","message":"Error: 400 ---  message: TypeError: Cannot read properties of null (reading 'images')"}
{"level":"error","message":"Error: 400 ---  message: TypeError: Cannot read properties of null (reading 'images')"}
{"level":"error","message":"Error: 400 ---  message: TypeError: Cannot read properties of null (reading 'images')"}
{"level":"error","message":"Error: 400 ---  message: TypeError: Cannot read properties of null (reading 'images')"}
{"level":"error","message":"Error: 400 ---  message: TypeError: Cannot read properties of null (reading 'images')"}
{"level":"error","message":"Error: 400 ---  message: TypeError: Cannot read properties of null (reading 'images')"}
{"level":"error","message":"Error: 400 ---  message: TypeError: Cannot read properties of null (reading 'images')"}
{"level":"error","message":"Error: 400 ---  message: TypeError: Cannot read properties of null (reading 'images')"}
{"level":"error","message":"Error: 400 ---  message: TypeError: Cannot read properties of null (reading 'images')"}
{"level":"error","message":"Error: 400 ---  message: TypeError: Cannot read properties of null (reading 'images')"}
{"level":"error","message":"Error: 400 ---  message: TypeError: Cannot read properties of null (reading 'images')"}
{"level":"error","message":"Error: 400 ---  message: TypeError: Cannot read properties of null (reading 'images')"}
{"level":"error","message":"Error: 400 ---  message: TypeError: Cannot read properties of null (reading 'images')"}
{"level":"error","message":"Error: 400 ---  message: TypeError: Cannot read properties of null (reading 'images')"}
{"level":"error","message":"Error: 400 ---  message: TypeError: Cannot read properties of null (reading 'images')"}
{"level":"error","message":"Error: 400 ---  message: TypeError: Cannot read properties of null (reading 'images')"}
{"level":"error","message":"Error: 400 ---  message: TypeError: Cannot read properties of null (reading 'images')"}
{"level":"error","message":"Error: 400 ---  message: TypeError: Cannot read properties of null (reading 'images')"}
{"level":"error","message":"Error: 400 ---  message: TypeError: Cannot read properties of null (reading 'images')"}
{"level":"error","message":"Error: 400 ---  message: TypeError: Cannot read properties of null (reading 'images')"}
{"level":"error","message":"Error: 400 ---  message: TypeError: Cannot read properties of null (reading 'images')"}
{"level":"error","message":"Error: 400 ---  message: TypeError: Cannot read properties of null (reading 'images')"}
{"level":"error","message":"Error: 400 ---  message: TypeError: Cannot read properties of null (reading 'images')"}
{"level":"error","message":"Error: 400 ---  message: TypeError: Cannot read properties of null (reading 'images')"}
{"level":"error","message":"Error: 400 ---  message: TypeError: Cannot read properties of null (reading 'images')"}
{"level":"error","message":"Error: 400 ---  message: TypeError: Cannot read properties of null (reading 'images')"}
{"level":"error","message":"Error: 400 ---  message: TypeError: Cannot read properties of null (reading 'images')"}
{"level":"error","message":"Error: 400 ---  message: TypeError: Cannot read properties of null (reading 'images')"}
{"level":"error","message":"Error: 400 ---  message: TypeError: Cannot read properties of null (reading 'images')"}
{"level":"error","message":"Error: 400 ---  message: TypeError: Cannot read properties of null (reading 'images')"}
{"level":"error","message":"Error: 400 ---  message: TypeError: Cannot read properties of null (reading 'images')"}
{"level":"error","message":"Error: 400 ---  message: TypeError: Cannot read properties of null (reading 'images')"}
{"level":"error","message":"Error: 400 ---  message: TypeError: Cannot read properties of null (reading 'images')"}
{"level":"error","message":"Error: 400 ---  message: TypeError: Cannot read properties of null (reading 'images')"}
{"level":"error","message":"Error: 400 ---  message: TypeError: Cannot read properties of null (reading 'images')"}
{"level":"error","message":"Error: 400 ---  message: TypeError: Cannot read properties of null (reading 'images')"}
{"level":"error","message":"Error: 400 ---  message: TypeError: Cannot read properties of null (reading 'images')"}
{"level":"error","message":"Error: 400 ---  message: TypeError: Cannot read properties of null (reading 'images')"}
{"level":"error","message":"Error: 400 ---  message: TypeError: Cannot read properties of null (reading 'images')"}
{"level":"error","message":"Error: 400 ---  message: TypeError: Cannot read properties of null (reading 'images')"}
{"level":"error","message":"Error: 400 ---  message: TypeError: Cannot read properties of null (reading 'images')"}
{"level":"error","message":"Error: 400 ---  message: TypeError: Cannot read properties of null (reading 'images')"}
{"level":"error","message":"Error: 400 ---  message: TypeError: Cannot read properties of null (reading 'images')"}
{"level":"error","message":"Error: 400 ---  message: TypeError: Cannot read properties of null (reading 'images')"}
{"level":"error","message":"Error: 400 ---  message: TypeError: Cannot read properties of null (reading 'images')"}
{"level":"error","message":"Error: 400 ---  message: TypeError: Cannot read properties of null (reading 'images')"}
{"level":"error","message":"Error: 400 ---  message: TypeError: Cannot read properties of null (reading 'images')"}
{"level":"error","message":"Error: 400 ---  message: TypeError: Cannot read properties of null (reading 'images')"}
{"level":"error","message":"Error: 400 ---  message: TypeError: Cannot read properties of null (reading 'images')"}
{"level":"error","message":"Error: 400 ---  message: TypeError: Cannot read properties of null (reading 'images')"}
{"level":"error","message":"Error: 400 ---  message: TypeError: Cannot read properties of null (reading 'images')"}
{"level":"error","message":"Error: 400 ---  message: TypeError: Cannot read properties of null (reading 'images')"}
{"level":"error","message":"Error: 400 ---  message: TypeError: Cannot read properties of null (reading 'images')"}
{"level":"error","message":"Error: 400 ---  message: TypeError: Cannot read properties of null (reading 'images')"}
{"level":"error","message":"Error: 400 ---  message: TypeError: Cannot read properties of null (reading 'images')"}
{"level":"error","message":"Error: 400 ---  message: TypeError: Cannot read properties of null (reading 'images')"}
{"level":"error","message":"Error: 400 ---  message: TypeError: Cannot read properties of null (reading 'images')"}
{"level":"error","message":"Error: 400 ---  message: TypeError: Cannot read properties of null (reading 'images')"}
{"level":"error","message":"Error: 400 ---  message: TypeError: Cannot read properties of null (reading 'images')"}
{"level":"error","message":"Error: 400 ---  message: TypeError: Cannot read properties of null (reading 'images')"}
{"level":"error","message":"Error: 400 ---  message: TypeError: Cannot read properties of null (reading 'images')"}
{"level":"error","message":"Error: 400 ---  message: TypeError: Cannot read properties of null (reading 'images')"}
{"level":"error","message":"Error: 400 ---  message: TypeError: Cannot read properties of null (reading 'images')"}
{"level":"error","message":"Error: 400 ---  message: TypeError: Cannot read properties of null (reading 'images')"}
{"level":"error","message":"Error: 400 ---  message: TypeError: Cannot read properties of null (reading 'images')"}
{"level":"error","message":"Error: 400 ---  message: TypeError: Cannot read properties of null (reading 'images')"}
{"level":"error","message":"Error: 400 ---  message: TypeError: Cannot read properties of null (reading 'images')"}
{"level":"error","message":"Error: 400 ---  message: TypeError: Cannot read properties of null (reading 'images')"}
{"level":"error","message":"Error: 400 ---  message: TypeError: Cannot read properties of null (reading 'images')"}
{"level":"error","message":"Error: 400 ---  message: TypeError: Cannot read properties of null (reading 'images')"}
{"level":"error","message":"Error: 400 ---  message: TypeError: Cannot read properties of null (reading 'images')"}
{"level":"error","message":"Error: 400 ---  message: TypeError: Cannot read properties of null (reading 'images')"}
{"level":"error","message":"Error: 400 ---  message: TypeError: Cannot read properties of null (reading 'images')"}
{"level":"error","message":"Error: 400 ---  message: TypeError: Cannot read properties of null (reading 'images')"}
{"level":"error","message":"Error: 400 ---  message: TypeError: Cannot read properties of null (reading 'images')"}
{"level":"error","message":"Error: 400 ---  message: TypeError: Cannot read properties of null (reading 'images')"}
{"level":"error","message":"Error: 400 ---  message: TypeError: Cannot read properties of null (reading 'images')"}
{"level":"error","message":"Error: 400 ---  message: TypeError: Cannot read properties of null (reading 'images')"}
{"level":"error","message":"Error: 400 ---  message: TypeError: Cannot read properties of null (reading 'images')"}
{"level":"error","message":"Error: 400 ---  message: TypeError: Cannot read properties of null (reading 'images')"}
{"level":"error","message":"Error: 400 ---  message: TypeError: Cannot read properties of null (reading 'images')"}
{"level":"error","message":"Error: 400 ---  message: TypeError: Cannot read properties of null (reading 'images')"}
{"level":"error","message":"Error: 400 ---  message: TypeError: Cannot read properties of null (reading 'images')"}
{"level":"error","message":"Error: 400 ---  message: TypeError: Cannot read properties of null (reading 'images')"}
{"level":"error","message":"Error: 400 ---  message: TypeError: Cannot read properties of null (reading 'images')"}
{"level":"error","message":"Error: 400 ---  message: TypeError: Cannot read properties of null (reading 'images')"}
{"level":"error","message":"Error: 400 ---  message: TypeError: Cannot read properties of null (reading 'images')"}
{"level":"error","message":"Error: 400 ---  message: TypeError: Cannot read properties of null (reading 'images')"}
{"level":"error","message":"Error: 400 ---  message: TypeError: Cannot read properties of null (reading 'images')"}
{"level":"error","message":"Error: 400 ---  message: TypeError: Cannot read properties of null (reading 'images')"}
{"level":"error","message":"Error: 400 ---  message: TypeError: Cannot read properties of null (reading 'images')"}
{"level":"error","message":"Error: 400 ---  message: TypeError: Cannot read properties of null (reading 'images')"}
{"level":"error","message":"Error: 400 ---  message: TypeError: Cannot read properties of null (reading 'images')"}
{"level":"error","message":"Error: 400 ---  message: TypeError: Cannot read properties of null (reading 'images')"}
{"level":"error","message":"Error: 400 ---  message: TypeError: Cannot read properties of null (reading 'images')"}
{"level":"error","message":"Error: 400 ---  message: TypeError: Cannot read properties of null (reading 'images')"}
{"level":"error","message":"Error: 400 ---  message: TypeError: Cannot read properties of null (reading 'images')"}
{"level":"error","message":"Error: 400 ---  message: TypeError: Cannot read properties of null (reading 'images')"}
{"level":"error","message":"Error: 400 ---  message: TypeError: Cannot read properties of null (reading 'images')"}
{"level":"error","message":"Error: 400 ---  message: TypeError: Cannot read properties of null (reading 'images')"}
{"level":"error","message":"Error: 400 ---  message: TypeError: Cannot read properties of null (reading 'images')"}
{"level":"error","message":"Error: 400 ---  message: TypeError: Cannot read properties of null (reading 'images')"}
{"level":"error","message":"Error: 400 ---  message: TypeError: Cannot read properties of null (reading 'images')"}
{"level":"error","message":"Error: 400 ---  message: TypeError: Cannot read properties of null (reading 'images')"}
{"level":"error","message":"Error: 400 ---  message: TypeError: Cannot read properties of null (reading 'images')"}
{"level":"error","message":"Error: 400 ---  message: TypeError: Cannot read properties of null (reading 'images')"}
{"level":"error","message":"Error: 400 ---  message: TypeError: Cannot read properties of null (reading 'images')"}
{"level":"error","message":"Error: 400 ---  message: TypeError: Cannot read properties of null (reading 'images')"}
{"level":"error","message":"Error: 400 ---  message: TypeError: Cannot read properties of null (reading 'images')"}
{"level":"error","message":"Error: 400 ---  message: TypeError: Cannot read properties of null (reading 'images')"}
{"level":"error","message":"Error: 400 ---  message: TypeError: Cannot read properties of null (reading 'images')"}
{"level":"error","message":"Error: 400 ---  message: TypeError: Cannot read properties of null (reading 'images')"}
{"level":"error","message":"Error: 400 ---  message: TypeError: Cannot read properties of null (reading 'images')"}
{"level":"error","message":"Error: 400 ---  message: TypeError: Cannot read properties of null (reading 'images')"}
{"level":"error","message":"Error: 400 ---  message: TypeError: Cannot read properties of null (reading 'images')"}
{"level":"error","message":"Error: 400 ---  message: TypeError: Cannot read properties of null (reading 'images')"}
{"level":"error","message":"Error: 400 ---  message: TypeError: Cannot read properties of null (reading 'images')"}
{"level":"error","message":"Error: 400 ---  message: TypeError: Cannot read properties of null (reading 'images')"}
{"level":"error","message":"Error: 400 ---  message: TypeError: Cannot read properties of null (reading 'images')"}
{"level":"error","message":"Error: 400 ---  message: TypeError: Cannot read properties of null (reading 'images')"}
{"level":"error","message":"Error: 400 ---  message: TypeError: Cannot read properties of null (reading 'images')"}
{"level":"error","message":"Error: 400 ---  message: TypeError: Cannot read properties of null (reading 'images')"}
{"level":"error","message":"Error: 400 ---  message: TypeError: Cannot read properties of null (reading 'images')"}
{"level":"error","message":"Error: 400 ---  message: TypeError: Cannot read properties of null (reading 'images')"}
{"level":"error","message":"Error: 400 ---  message: TypeError: Cannot read properties of null (reading 'images')"}
{"level":"error","message":"Error: 400 ---  message: TypeError: Cannot read properties of null (reading 'images')"}
{"level":"error","message":"Error: 400 ---  message: TypeError: Cannot read properties of null (reading 'images')"}
{"level":"error","message":"Error: 400 ---  message: TypeError: Cannot read properties of null (reading 'images')"}
{"level":"error","message":"Error: 400 ---  message: TypeError: Cannot read properties of null (reading 'images')"}
{"level":"error","message":"Error: 400 ---  message: TypeError: Cannot read properties of null (reading 'images')"}
{"level":"error","message":"Error: 400 ---  message: TypeError: Cannot read properties of null (reading 'images')"}
{"level":"error","message":"Error: 400 ---  message: TypeError: Cannot read properties of null (reading 'images')"}
{"level":"error","message":"Error: 400 ---  message: TypeError: Cannot read properties of null (reading 'images')"}
{"level":"error","message":"Error: 400 ---  message: TypeError: Cannot read properties of null (reading 'images')"}
{"level":"error","message":"Error: 400 ---  message: TypeError: Cannot read properties of null (reading 'images')"}
{"level":"error","message":"Error: 400 ---  message: TypeError: Cannot read properties of null (reading 'images')"}
{"level":"error","message":"Error: 400 ---  message: TypeError: Cannot read properties of null (reading 'images')"}
{"level":"error","message":"Error: 400 ---  message: TypeError: Cannot read properties of null (reading 'images')"}
{"level":"error","message":"Error: 400 ---  message: TypeError: Cannot read properties of null (reading 'images')"}
{"level":"error","message":"Error: 400 ---  message: TypeError: Cannot read properties of null (reading 'images')"}
{"level":"error","message":"Error: 400 ---  message: TypeError: Cannot read properties of null (reading 'images')"}
{"level":"error","message":"Error: 400 ---  message: TypeError: Cannot read properties of null (reading 'images')"}
{"level":"error","message":"Error: 400 ---  message: TypeError: Cannot read properties of null (reading 'images')"}
{"level":"error","message":"Error: 400 ---  message: TypeError: Cannot read properties of null (reading 'images')"}
{"level":"error","message":"Error: 400 ---  message: TypeError: Cannot read properties of null (reading 'images')"}
{"level":"error","message":"Error: 400 ---  message: TypeError: Cannot read properties of null (reading 'images')"}
{"level":"error","message":"Error: 400 ---  message: TypeError: Cannot read properties of null (reading 'images')"}
{"level":"error","message":"Error: 400 ---  message: TypeError: Cannot read properties of null (reading 'images')"}
{"level":"error","message":"Error: 400 ---  message: TypeError: Cannot read properties of null (reading 'images')"}
{"level":"error","message":"Error: 400 ---  message: TypeError: Cannot read properties of null (reading 'images')"}
{"level":"error","message":"Error: 400 ---  message: TypeError: Cannot read properties of null (reading 'images')"}
{"level":"error","message":"Error: 400 ---  message: TypeError: Cannot read properties of null (reading 'images')"}
{"level":"error","message":"Error: 400 ---  message: User already exists"}
{"level":"error","message":"Error: 401 ---  message: Please login to continue"}
{"level":"error","message":"Error: 401 ---  message: Please login to continue"}
{"level":"error","message":"Error: 400 ---  message: User doesn't exists!"}
{"level":"error","message":"Error: 400 ---  message: User doesn't exists!"}
{"level":"error","message":"Error: 401 ---  message: Please login to continue"}
{"level":"error","message":"Error: 401 ---  message: Please login to continue"}
{"level":"error","message":"Error: 400 ---  message: TypeError: Cannot read properties of null (reading 'images')"}
{"level":"error","message":"Error: 400 ---  message: TypeError: Cannot read properties of null (reading 'images')"}
{"level":"error","message":"Error: 400 ---  message: TypeError: Cannot read properties of null (reading 'images')"}
{"level":"error","message":"Error: 400 ---  message: TypeError: Cannot read properties of null (reading 'images')"}
{"level":"error","message":"Error: 400 ---  message: TypeError: Cannot read properties of null (reading 'images')"}
{"level":"error","message":"Error: 400 ---  message: TypeError: Cannot read properties of null (reading 'images')"}
{"level":"error","message":"Error: 400 ---  message: TypeError: Cannot read properties of null (reading 'images')"}
{"level":"error","message":"Error: 400 ---  message: TypeError: Cannot read properties of null (reading 'images')"}
{"level":"error","message":"Error: 400 ---  message: TypeError: Cannot read properties of null (reading 'images')"}
{"level":"error","message":"Error: 400 ---  message: TypeError: Cannot read properties of null (reading 'images')"}
{"level":"error","message":"Error: 400 ---  message: TypeError: Cannot read properties of null (reading 'images')"}
{"level":"error","message":"Error: 400 ---  message: TypeError: Cannot read properties of null (reading 'images')"}
{"level":"error","message":"Error: 400 ---  message: TypeError: Cannot read properties of null (reading 'images')"}
{"level":"error","message":"Error: 400 ---  message: TypeError: Cannot read properties of null (reading 'images')"}
{"level":"error","message":"Error: 400 ---  message: TypeError: Cannot read properties of null (reading 'images')"}
{"level":"error","message":"Error: 400 ---  message: TypeError: Cannot read properties of null (reading 'images')"}
{"level":"error","message":"Error: 400 ---  message: TypeError: Cannot read properties of null (reading 'images')"}
{"level":"error","message":"Error: 400 ---  message: TypeError: Cannot read properties of null (reading 'images')"}
{"level":"error","message":"Error: 400 ---  message: TypeError: Cannot read properties of null (reading 'images')"}
{"level":"error","message":"Error: 400 ---  message: TypeError: Cannot read properties of null (reading 'images')"}
{"level":"error","message":"Error: 400 ---  message: TypeError: Cannot read properties of null (reading 'images')"}
{"level":"error","message":"Error: 400 ---  message: TypeError: Cannot read properties of null (reading 'images')"}
{"level":"error","message":"Error: 400 ---  message: TypeError: Cannot read properties of null (reading 'images')"}
{"level":"error","message":"Error: 400 ---  message: TypeError: Cannot read properties of null (reading 'images')"}
{"level":"error","message":"Error: 400 ---  message: TypeError: Cannot read properties of null (reading 'images')"}
{"level":"error","message":"Error: 400 ---  message: TypeError: Cannot read properties of null (reading 'images')"}
{"level":"error","message":"Error: 400 ---  message: TypeError: Cannot read properties of null (reading 'images')"}
{"level":"error","message":"Error: 400 ---  message: TypeError: Cannot read properties of null (reading 'images')"}
{"level":"error","message":"Error: 400 ---  message: TypeError: Cannot read properties of null (reading 'images')"}
{"level":"error","message":"Error: 400 ---  message: TypeError: Cannot read properties of null (reading 'images')"}
{"level":"error","message":"Error: 400 ---  message: TypeError: Cannot read properties of null (reading 'images')"}
{"level":"error","message":"Error: 400 ---  message: TypeError: Cannot read properties of null (reading 'images')"}
{"level":"error","message":"Error: 400 ---  message: TypeError: Cannot read properties of null (reading 'images')"}
{"level":"error","message":"Error: 400 ---  message: TypeError: Cannot read properties of null (reading 'images')"}
{"level":"error","message":"Error: 400 ---  message: TypeError: Cannot read properties of null (reading 'images')"}
{"level":"error","message":"Error: 400 ---  message: TypeError: Cannot read properties of null (reading 'images')"}
{"level":"error","message":"Error: 400 ---  message: TypeError: Cannot read properties of null (reading 'images')"}
{"level":"error","message":"Error: 400 ---  message: TypeError: Cannot read properties of null (reading 'images')"}
{"level":"error","message":"Error: 400 ---  message: TypeError: Cannot read properties of null (reading 'images')"}
{"level":"error","message":"Error: 400 ---  message: TypeError: Cannot read properties of null (reading 'images')"}
{"level":"error","message":"Error: 400 ---  message: TypeError: Cannot read properties of null (reading 'images')"}
{"level":"error","message":"Error: 400 ---  message: TypeError: Cannot read properties of null (reading 'images')"}
{"level":"error","message":"Error: 400 ---  message: TypeError: Cannot read properties of null (reading 'images')"}
{"level":"error","message":"Error: 400 ---  message: TypeError: Cannot read properties of null (reading 'images')"}
{"level":"error","message":"Error: 400 ---  message: TypeError: Cannot read properties of null (reading 'images')"}
{"level":"error","message":"Error: 400 ---  message: TypeError: Cannot read properties of null (reading 'images')"}
{"level":"error","message":"Error: 400 ---  message: TypeError: Cannot read properties of null (reading 'images')"}
{"level":"error","message":"Error: 400 ---  message: TypeError: Cannot read properties of null (reading 'images')"}
{"level":"error","message":"Error: 400 ---  message: TypeError: Cannot read properties of null (reading 'images')"}
{"level":"error","message":"Error: 400 ---  message: TypeError: Cannot read properties of null (reading 'images')"}
{"level":"error","message":"Error: 400 ---  message: TypeError: Cannot read properties of null (reading 'images')"}
{"level":"error","message":"Error: 400 ---  message: TypeError: Cannot read properties of null (reading 'images')"}
{"level":"error","message":"Error: 400 ---  message: TypeError: Cannot read properties of null (reading 'images')"}
{"level":"error","message":"Error: 400 ---  message: TypeError: Cannot read properties of null (reading 'images')"}
{"level":"error","message":"Error: 400 ---  message: TypeError: Cannot read properties of null (reading 'images')"}
{"level":"error","message":"Error: 400 ---  message: TypeError: Cannot read properties of null (reading 'images')"}
{"level":"error","message":"Error: 400 ---  message: TypeError: Cannot read properties of null (reading 'images')"}
{"level":"error","message":"Error: 400 ---  message: TypeError: Cannot read properties of null (reading 'images')"}
{"level":"error","message":"Error: 400 ---  message: TypeError: Cannot read properties of null (reading 'images')"}
{"level":"error","message":"Error: 400 ---  message: TypeError: Cannot read properties of null (reading 'images')"}
{"level":"error","message":"Error: 400 ---  message: TypeError: Cannot read properties of null (reading 'images')"}
{"level":"error","message":"Error: 400 ---  message: TypeError: Cannot read properties of null (reading 'images')"}
{"level":"error","message":"Error: 400 ---  message: TypeError: Cannot read properties of null (reading 'images')"}
{"level":"error","message":"Error: 400 ---  message: TypeError: Cannot read properties of null (reading 'images')"}
{"level":"error","message":"Error: 400 ---  message: TypeError: Cannot read properties of null (reading 'images')"}
{"level":"error","message":"Error: 400 ---  message: TypeError: Cannot read properties of null (reading 'images')"}
{"level":"error","message":"Error: 400 ---  message: TypeError: Cannot read properties of null (reading 'images')"}
{"level":"error","message":"Error: 400 ---  message: TypeError: Cannot read properties of null (reading 'images')"}
{"level":"error","message":"Error: 400 ---  message: TypeError: Cannot read properties of null (reading 'images')"}
{"level":"error","message":"Error: 400 ---  message: TypeError: Cannot read properties of null (reading 'images')"}
{"level":"error","message":"Error: 400 ---  message: TypeError: Cannot read properties of null (reading 'images')"}
{"level":"error","message":"Error: 400 ---  message: TypeError: Cannot read properties of null (reading 'images')"}
{"level":"error","message":"Error: 400 ---  message: TypeError: Cannot read properties of null (reading 'images')"}
{"level":"error","message":"Error: 400 ---  message: TypeError: Cannot read properties of null (reading 'images')"}
{"level":"error","message":"Error: 400 ---  message: TypeError: Cannot read properties of null (reading 'images')"}
{"level":"error","message":"Error: 400 ---  message: TypeError: Cannot read properties of null (reading 'images')"}
{"level":"error","message":"Error: 400 ---  message: TypeError: Cannot read properties of null (reading 'images')"}
{"level":"error","message":"Error: 400 ---  message: TypeError: Cannot read properties of null (reading 'images')"}
{"level":"error","message":"Error: 400 ---  message: TypeError: Cannot read properties of null (reading 'images')"}
{"level":"error","message":"Error: 400 ---  message: TypeError: Cannot read properties of null (reading 'images')"}
{"level":"error","message":"Error: 400 ---  message: TypeError: Cannot read properties of null (reading 'images')"}
{"level":"error","message":"Error: 400 ---  message: TypeError: Cannot read properties of null (reading 'images')"}
{"level":"error","message":"Error: 400 ---  message: TypeError: Cannot read properties of null (reading 'images')"}
{"level":"error","message":"Error: 400 ---  message: TypeError: Cannot read properties of null (reading 'images')"}
{"level":"error","message":"Error: 400 ---  message: TypeError: Cannot read properties of null (reading 'images')"}
{"level":"error","message":"Error: 400 ---  message: TypeError: Cannot read properties of null (reading 'images')"}
{"level":"error","message":"Error: 400 ---  message: TypeError: Cannot read properties of null (reading 'images')"}
{"level":"error","message":"Error: 400 ---  message: TypeError: Cannot read properties of null (reading 'images')"}
{"level":"error","message":"Error: 400 ---  message: TypeError: Cannot read properties of null (reading 'images')"}
{"level":"error","message":"Error: 400 ---  message: TypeError: Cannot read properties of null (reading 'images')"}
{"level":"error","message":"Error: 400 ---  message: TypeError: Cannot read properties of null (reading 'images')"}
{"level":"error","message":"Error: 400 ---  message: TypeError: Cannot read properties of null (reading 'images')"}
{"level":"error","message":"Error: 400 ---  message: TypeError: Cannot read properties of null (reading 'images')"}
{"level":"error","message":"Error: 400 ---  message: TypeError: Cannot read properties of null (reading 'images')"}
{"level":"error","message":"Error: 400 ---  message: TypeError: Cannot read properties of null (reading 'images')"}
{"level":"error","message":"Error: 400 ---  message: TypeError: Cannot read properties of null (reading 'images')"}
{"level":"error","message":"Error: 400 ---  message: TypeError: Cannot read properties of null (reading 'images')"}
{"level":"error","message":"Error: 400 ---  message: TypeError: Cannot read properties of null (reading 'images')"}
{"level":"error","message":"Error: 400 ---  message: TypeError: Cannot read properties of null (reading 'images')"}
{"level":"error","message":"Error: 400 ---  message: TypeError: Cannot read properties of null (reading 'images')"}
{"level":"error","message":"Error: 400 ---  message: TypeError: Cannot read properties of null (reading 'images')"}
{"level":"error","message":"Error: 400 ---  message: TypeError: Cannot read properties of null (reading 'images')"}
{"level":"error","message":"Error: 400 ---  message: TypeError: Cannot read properties of null (reading 'images')"}
{"level":"error","message":"Error: 400 ---  message: TypeError: Cannot read properties of null (reading 'images')"}
{"level":"error","message":"Error: 400 ---  message: TypeError: Cannot read properties of null (reading 'images')"}
{"level":"error","message":"Error: 400 ---  message: TypeError: Cannot read properties of null (reading 'images')"}
{"level":"error","message":"Error: 400 ---  message: TypeError: Cannot read properties of null (reading 'images')"}
{"level":"error","message":"Error: 400 ---  message: TypeError: Cannot read properties of null (reading 'images')"}
{"level":"error","message":"Error: 400 ---  message: TypeError: Cannot read properties of null (reading 'images')"}
{"level":"error","message":"Error: 400 ---  message: TypeError: Cannot read properties of null (reading 'images')"}
{"level":"error","message":"Error: 400 ---  message: TypeError: Cannot read properties of null (reading 'images')"}
{"level":"error","message":"Error: 400 ---  message: TypeError: Cannot read properties of null (reading 'images')"}
{"level":"error","message":"Error: 400 ---  message: TypeError: Cannot read properties of null (reading 'images')"}
{"level":"error","message":"Error: 400 ---  message: TypeError: Cannot read properties of null (reading 'images')"}
{"level":"error","message":"Error: 400 ---  message: TypeError: Cannot read properties of null (reading 'images')"}
{"level":"error","message":"Error: 400 ---  message: TypeError: Cannot read properties of null (reading 'images')"}
{"level":"error","message":"Error: 400 ---  message: TypeError: Cannot read properties of null (reading 'images')"}
{"level":"error","message":"Error: 400 ---  message: TypeError: Cannot read properties of null (reading 'images')"}
{"level":"error","message":"Error: 400 ---  message: TypeError: Cannot read properties of null (reading 'images')"}
{"level":"error","message":"Error: 400 ---  message: TypeError: Cannot read properties of null (reading 'images')"}
{"level":"error","message":"Error: 401 ---  message: Please login to continue"}
{"level":"error","message":"Error: 401 ---  message: Please login to continue"}
{"level":"error","message":"Error: 401 ---  message: Please login to continue"}
{"level":"error","message":"Error: 400 ---  message: User doesn't exists!"}
{"level":"error","message":"Error: 400 ---  message: Please provide the correct information"}
{"level":"error","message":"Error: 401 ---  message: Please login to continue"}
